<?xml version="1.0" encoding="UTF-8"?>
<testng-results ignored="0" total="1" passed="1" failed="0" skipped="0">
  <reporter-output>
  </reporter-output>
  <suite started-at="2020-05-29T13:30:08Z" name="Default suite" finished-at="2020-05-29T13:35:22Z" duration-ms="314328">
    <groups>
    </groups>
    <test started-at="2020-05-29T13:30:08Z" name="Default test" finished-at="2020-05-29T13:35:22Z" duration-ms="314328">
      <class name="com.demoaut.newtours.script.ValidationFlightBooking">
        <test-method is-config="true" signature="openapplication()[pri:0, instance:com.demoaut.newtours.script.ValidationFlightBooking@313b2ea6]" started-at="2020-05-29T13:30:08Z" name="openapplication" finished-at="2020-05-29T13:30:31Z" duration-ms="22781" status="PASS">
          <reporter-output>
          </reporter-output>
        </test-method> <!-- openapplication -->
        <test-method signature="verifyflight()[pri:0, instance:com.demoaut.newtours.script.ValidationFlightBooking@313b2ea6]" started-at="2020-05-29T13:30:31Z" name="verifyflight" finished-at="2020-05-29T13:35:22Z" duration-ms="291056" status="PASS">
          <reporter-output>
          </reporter-output>
        </test-method> <!-- verifyflight -->
        <test-method is-config="true" signature="closeapplication()[pri:0, instance:com.demoaut.newtours.script.ValidationFlightBooking@313b2ea6]" started-at="2020-05-29T13:35:22Z" name="closeapplication" finished-at="2020-05-29T13:35:22Z" duration-ms="468" status="PASS">
          <reporter-output>
          </reporter-output>
        </test-method> <!-- closeapplication -->
      </class> <!-- com.demoaut.newtours.script.ValidationFlightBooking -->
    </test> <!-- Default test -->
  </suite> <!-- Default suite -->
</testng-results>
